[2026-03-03 12:40:26 UTC-3] [INFO] [print-zpl.bat] [start] file="danfe-template-97x150.zpl" printer="" message="inicio_processamento_zpl"
[2026-03-03 12:40:27 UTC-3] [ERROR] [print-xml.bat] [missing_argument] file="" zpl="" printer="" message="argumento_xml_nao_informado"
[2026-03-03 12:40:27 UTC-3] [INFO] [print-zpl.bat] [printed_success] file="danfe-template-97x150.zpl" printer="ZEBRA" message="zpl_enviado_para_impressora"
[2026-03-03 12:41:22 UTC-3] [INFO] [print-zpl.bat] [start] file="danfe-template-97x150.zpl" printer="ZEBRA" message="inicio_processamento_zpl"
[2026-03-03 12:41:23 UTC-3] [INFO] [print-zpl.bat] [printed_success] file="danfe-template-97x150.zpl" printer="ZEBRA" message="zpl_enviado_para_impressora"
[2026-03-03 12:41:49 UTC-3] [INFO] [print-zpl.bat] [start] file="danfe-template-97x150.zpl" printer="ZEBRA" message="inicio_processamento_zpl"
[2026-03-03 12:41:49 UTC-3] [INFO] [print-zpl.bat] [printed_success] file="danfe-template-97x150.zpl" printer="ZEBRA" message="zpl_enviado_para_impressora"
[2026-03-03 12:47:21 UTC-3] [INFO] [print-zpl.bat] [start] file="danfe-template-97x150.zpl" printer="ZEBRA" message="inicio_processamento_zpl"
[2026-03-03 12:47:21 UTC-3] [INFO] [print-xml.bat] [start] file="23260320504966000173550010000007121162037771-nfe.xml" zpl="C:\apps_development\apps_ativos\zpl2print\23260320504966000173550010000007121162037771-nfe.zpl" printer="ZEBRA" message="inicio_processamento_xml"
[2026-03-03 12:47:21 UTC-3] [ERROR] [print-xml.bat] [file_not_found] file="23260320504966000173550010000007121162037771-nfe.xml" zpl="C:\apps_development\apps_ativos\zpl2print\23260320504966000173550010000007121162037771-nfe.zpl" printer="ZEBRA" message="arquivo_xml_nao_encontrado"
[2026-03-03 12:47:21 UTC-3] [INFO] [print-zpl.bat] [printed_success] file="danfe-template-97x150.zpl" printer="ZEBRA" message="zpl_enviado_para_impressora"
[2026-03-03 12:51:14 UTC-3] [INFO] [print-xml-zpl.bat] [start_zpl] type=".zpl" file="danfe-template-97x150.zpl" zpl="danfe-template-97x150.zpl" printer="ZEBRA" message="inicio_processamento_zpl"
[2026-03-03 12:52:01 UTC-3] [INFO] [print-xml-zpl.bat] [start_zpl] type=".zpl" file="danfe-template-97x150.zpl" zpl="danfe-template-97x150.zpl" printer="ZEBRA" message="inicio_processamento_zpl"
[2026-03-03 12:54:07 UTC-3] [INFO] [print-xml-zpl.bat] [start_zpl] type=".zpl" file="danfe-template-97x150.zpl" zpl="danfe-template-97x150.zpl" printer="ZEBRA" message="inicio_processamento_zpl"
[2026-03-03 13:01:19 UTC-3] [INFO] [print-xml-zpl.bat] [start] type=".zpl" file="C:\apps_development\apps_ativos\zpl2print\danfe-template-97x150.zpl" printer="ZEBRA" message="inicio_processamento_zpl"
[2026-03-03 13:01:20 UTC-3] [INFO] [print-xml-zpl.bat] [printed_success] type=".zpl" file="C:\apps_development\apps_ativos\zpl2print\danfe-template-97x150.zpl" printer="ZEBRA" message="zpl_enviado_para_impressora"
[2026-03-03 13:05:07 UTC-3] [INFO] [print-xml-zpl.bat] [start] type=".zpl" file="C:\apps_development\apps_ativos\zpl2print\danfe-template-97x150.zpl" printer="ZEBRA" message="inicio_processamento_zpl"
[2026-03-03 13:05:08 UTC-3] [INFO] [print-xml-zpl.bat] [printed_success] type=".zpl" file="C:\apps_development\apps_ativos\zpl2print\danfe-template-97x150.zpl" printer="ZEBRA" message="zpl_enviado_para_impressora"
[2026-03-03 13:05:56 UTC-3] [INFO] [print-xml-zpl.bat] [start] type=".xml" file="C:\Users\bruno\OneDrive\Desktop\23240900179354000145550010000051831353083013-nfe.xml" printer="ZEBRA" message="inicio_processamento_xml"
[2026-03-03 13:05:57 UTC-3] [INFO] [print-xml-zpl.bat] [zpl_generated] type=".xml" file="C:\Users\bruno\OneDrive\Desktop\23240900179354000145550010000051831353083013-nfe.xml" printer="ZEBRA" message="zpl_gerado_com_sucesso"
[2026-03-03 13:05:57 UTC-3] [INFO] [print-xml-zpl.bat] [printed_success] type=".xml" file="C:\Users\bruno\OneDrive\Desktop\23240900179354000145550010000051831353083013-nfe.xml" printer="ZEBRA" message="zpl_enviado_para_impressora"
[2026-03-03 13:05:58 UTC-3] [INFO] [print-xml-zpl.bat] [zpl_deleted] type=".xml" file="C:\Users\bruno\OneDrive\Desktop\23240900179354000145550010000051831353083013-nfe.xml" printer="ZEBRA" message="arquivo_zpl_removido"
[2026-03-03 13:06:13 UTC-3] [INFO] [print-xml-zpl.bat] [start] type=".xml" file="C:\Users\bruno\OneDrive\Desktop\23240900179354000145550010000051831353083013-nfe.xml" printer="ZEBRA" message="inicio_processamento_xml"
[2026-03-03 13:06:14 UTC-3] [INFO] [print-xml-zpl.bat] [zpl_generated] type=".xml" file="C:\Users\bruno\OneDrive\Desktop\23240900179354000145550010000051831353083013-nfe.xml" printer="ZEBRA" message="zpl_gerado_com_sucesso"
[2026-03-03 13:06:14 UTC-3] [INFO] [print-xml-zpl.bat] [printed_success] type=".xml" file="C:\Users\bruno\OneDrive\Desktop\23240900179354000145550010000051831353083013-nfe.xml" printer="ZEBRA" message="zpl_enviado_para_impressora"
[2026-03-03 13:06:14 UTC-3] [INFO] [print-xml-zpl.bat] [zpl_kept] type=".xml" file="C:\Users\bruno\OneDrive\Desktop\23240900179354000145550010000051831353083013-nfe.xml" printer="ZEBRA" message="arquivo_zpl_mantido_para_debug"
